mode: set
project_3/model/mocked_occupancy.go:25.81,29.2 3 1
project_3/model/mocked_occupancy.go:32.79,34.2 1 1
project_3/model/mocked_occupancy.go:37.108,40.2 2 0
project_3/model/mocked_occupancy.go:43.121,46.2 2 1
project_3/model/mocked_occupancy.go:49.85,54.2 4 0
project_3/model/mocked_occupancy.go:57.105,60.2 2 1
project_3/model/mocked_occupancy.go:63.94,68.2 4 0
project_3/model/mocked_occupancy.go:71.96,74.2 2 0
project_3/model/model.go:39.39,41.2 1 1
project_3/model/model.go:43.109,44.34 1 1
project_3/model/model.go:50.2,50.32 1 1
project_3/model/model.go:44.34,49.3 4 1
project_3/model/model.go:50.32,54.3 3 1
project_3/model/model.go:57.80,62.2 4 1
project_3/model/model.go:64.97,67.50 2 1
project_3/model/model.go:91.2,93.50 2 1
project_3/model/model.go:121.2,121.26 1 1
project_3/model/model.go:67.50,68.51 1 1
project_3/model/model.go:68.51,69.72 1 1
project_3/model/model.go:80.4,80.52 1 1
project_3/model/model.go:69.72,70.56 1 1
project_3/model/model.go:70.56,71.18 1 1
project_3/model/model.go:71.18,75.7 3 1
project_3/model/model.go:75.12,76.15 1 1
project_3/model/model.go:80.52,81.17 1 1
project_3/model/model.go:81.17,85.6 3 1
project_3/model/model.go:85.11,86.14 1 1
project_3/model/model.go:93.50,96.28 2 1
project_3/model/model.go:119.3,119.142 1 1
project_3/model/model.go:96.28,100.24 3 1
project_3/model/model.go:100.24,101.19 1 1
project_3/model/model.go:101.19,103.6 1 1
project_3/model/model.go:103.11,106.33 2 1
project_3/model/model.go:106.33,108.28 2 1
project_3/model/model.go:114.7,114.124 1 1
project_3/model/model.go:108.28,110.28 2 1
project_3/model/model.go:110.28,112.9 1 0
